<?xml version="1.0" encoding="UTF-8"?>
<!-- Generated by org.testng.reporters.JUnitReportReporter -->
<testsuite hostname="LAPTOP-K08E2NCU" failures="0" tests="1" name="Testjava" time="3.702" errors="0" timestamp="2025-05-19T21:14:20 IST" skipped="0">
  <testcase classname="Testjava" name="getBooking" time="3.702"/>
</testsuite> <!-- Testjava -->
