<?xml version="1.0" encoding="UTF-8"?>
<!-- Generated by org.testng.reporters.JUnitReportReporter -->
<testsuite hostname="LAPTOP-K08E2NCU" failures="0" tests="1" name="WordRepeat" time="0.003" errors="0" timestamp="2025-05-20T00:11:21 IST" skipped="0">
  <testcase classname="WordRepeat" name="wordCount" time="0.003"/>
</testsuite> <!-- WordRepeat -->
